<?xml version="1.0" encoding="UTF-8"?>
<!-- Generated by org.testng.reporters.JUnitXMLReporter -->
<testsuite ignored="0" hostname="DESKTOP-3NA66NR" failures="0" tests="9" name="Test" time="32.193" errors="0" timestamp="2024-04-30T15:52:54 IST">
  <testcase classname="TestScripts.ElectronicsTest" name="AddToCart" time="9.175"/>
  <testcase classname="TestScripts.RegisterTest" name="Registertest_001" time="11.256"/>
  <testcase classname="TestScripts.ComputersTest" name="ComputersPage_001" time="13.598"/>
  <testcase classname="TestScripts.BooksTest" name="Bookspage_001" time="14.622"/>
  <testcase classname="TestScripts.ElectronicsTest" name="ConfirmOrder" time="6.436"/>
  <testcase classname="TestScripts.RegisterTest" name="Registertest_002" time="9.388"/>
  <testcase classname="TestScripts.ElectronicsTest" name="Login" time="5.345"/>
  <testcase classname="TestScripts.ElectronicsTest" name="Payment" time="5.792"/>
  <testcase classname="TestScripts.ElectronicsTest" name="Register" time="5.346"/>
</testsuite> <!-- Test -->
