<?xml version="1.0" encoding="UTF-8"?>
<testng-results ignored="0" total="1" passed="1" failed="0" skipped="0">
  <reporter-output>
  </reporter-output>
  <suite started-at="2024-05-04T16:09:02 IST" name="Default suite" finished-at="2024-05-04T16:09:43 IST" duration-ms="40872">
    <groups>
    </groups>
    <test started-at="2024-05-04T16:09:02 IST" name="Default test" finished-at="2024-05-04T16:09:43 IST" duration-ms="40872">
      <class name="TestScripts.BT">
        <test-method is-config="true" signature="bs()[pri:0, instance:TestScripts.BT@2892d68]" started-at="2024-05-04T16:09:01 IST" name="bs" finished-at="2024-05-04T16:09:02 IST" duration-ms="1476" status="PASS">
          <reporter-output>
          </reporter-output>
        </test-method> <!-- bs -->
        <test-method is-config="true" signature="bt()[pri:0, instance:TestScripts.BT@2892d68]" started-at="2024-05-04T16:09:02 IST" name="bt" finished-at="2024-05-04T16:09:02 IST" duration-ms="2" status="PASS">
          <reporter-output>
          </reporter-output>
        </test-method> <!-- bt -->
        <test-method is-config="true" signature="launchbrowser()[pri:0, instance:TestScripts.BT@2892d68]" started-at="2024-05-04T16:09:02 IST" name="launchbrowser" finished-at="2024-05-04T16:09:28 IST" duration-ms="26116" status="PASS">
          <reporter-output>
          </reporter-output>
        </test-method> <!-- launchbrowser -->
        <test-method is-config="true" signature="loginApp(java.lang.reflect.Method)[pri:0, instance:TestScripts.BT@2892d68]" started-at="2024-05-04T16:09:28 IST" name="loginApp" finished-at="2024-05-04T16:09:33 IST" duration-ms="4192" status="PASS">
          <params>
            <param index="0">
              <value>
                <![CDATA[public void TestScripts.BT.Bttest()]]>
              </value>
            </param>
          </params>
          <reporter-output>
          </reporter-output>
        </test-method> <!-- loginApp -->
        <test-method signature="Bttest()[pri:0, instance:TestScripts.BT@2892d68]" started-at="2024-05-04T16:09:33 IST" name="Bttest" finished-at="2024-05-04T16:09:36 IST" duration-ms="3832" status="PASS">
          <reporter-output>
          </reporter-output>
        </test-method> <!-- Bttest -->
        <test-method is-config="true" signature="logout()[pri:0, instance:TestScripts.BT@2892d68]" started-at="2024-05-04T16:09:36 IST" name="logout" finished-at="2024-05-04T16:09:39 IST" duration-ms="2232" status="PASS">
          <reporter-output>
          </reporter-output>
        </test-method> <!-- logout -->
        <test-method is-config="true" signature="closeBrowser()[pri:0, instance:TestScripts.BT@2892d68]" started-at="2024-05-04T16:09:39 IST" name="closeBrowser" finished-at="2024-05-04T16:09:43 IST" duration-ms="4322" status="PASS">
          <reporter-output>
          </reporter-output>
        </test-method> <!-- closeBrowser -->
        <test-method is-config="true" signature="at()[pri:0, instance:TestScripts.BT@2892d68]" started-at="2024-05-04T16:09:43 IST" name="at" finished-at="2024-05-04T16:09:43 IST" duration-ms="1" status="PASS">
          <reporter-output>
          </reporter-output>
        </test-method> <!-- at -->
        <test-method is-config="true" signature="as()[pri:0, instance:TestScripts.BT@2892d68]" started-at="2024-05-04T16:09:43 IST" name="as" finished-at="2024-05-04T16:09:44 IST" duration-ms="1218" status="PASS">
          <reporter-output>
          </reporter-output>
        </test-method> <!-- as -->
      </class> <!-- TestScripts.BT -->
    </test> <!-- Default test -->
  </suite> <!-- Default suite -->
</testng-results>
